<?xml version="1.0" encoding="UTF-8"?>
<!-- Generated by org.testng.reporters.JUnitXMLReporter -->
<testsuite ignored="0" hostname="DESKTOP-OUI7JLC" failures="1" tests="1" name="Chrome" time="6.448" errors="0" timestamp="2023-01-13T10:00:29 IST">
  <testcase classname="HrHead_Module.HrHeadAddBranchUsingTNG" name="addBranch" time="1.376">
    <failure type="java.lang.AssertionError" message="null">
      <![CDATA[java.lang.AssertionError: null
at HrHead_Module.HrHeadAddBranchUsingTNG.addBranch(HrHeadAddBranchUsingTNG.java:20)
at java.base/java.util.ArrayList.forEach(ArrayList.java:1511)
... Removed 27 stack frames]]>
    </failure>
  </testcase> <!-- addBranch -->
</testsuite> <!-- Chrome -->
