<?xml version="1.0" encoding="UTF-8"?>
<!-- Generated by org.testng.reporters.JUnitXMLReporter -->
<testsuite ignored="0" hostname="DESKTOP-OUI7JLC" failures="1" tests="5" name="FireFox" time="20.303" errors="0" timestamp="2023-01-13T10:00:49 IST">
  <testcase classname="com.hrm.GenericUtility.HRMHeadBaseClass" name="@BeforeMethod loginAsHead" time="10.029">
    <failure type="org.openqa.selenium.NoSuchElementException" message="Unable to locate element: *[name=&amp;apos;hr_email&amp;apos;]
For documentation on this error, please visit: https://www.seleniumhq.org/exceptions/no_such_element.html
Build info: version: &amp;apos;3.141.59&amp;apos;, revision: &amp;apos;e82be7d358&amp;apos;, time: &amp;apos;2018-11-14T08:17:03&amp;apos;
System info: host: &amp;apos;DESKTOP-OUI7JLC&amp;apos;, ip: &amp;apos;192.168.0.194&amp;apos;, os.name: &amp;apos;Windows 11&amp;apos;, os.arch: &amp;apos;amd64&amp;apos;, os.version: &amp;apos;10.0&amp;apos;, java.version: &amp;apos;18.0.1.1&amp;apos;
Driver info: org.openqa.selenium.firefox.FirefoxDriver
Capabilities {acceptInsecureCerts: true, browserName: firefox, browserVersion: 108.0.2, javascriptEnabled: true, moz:accessibilityChecks: false, moz:buildID: 20230104165113, moz:geckodriverVersion: 0.32.0, moz:headless: false, moz:platformVersion: 10.0, moz:processID: 27036, moz:profile: C:\Users\Shyam\AppData\Loca..., moz:shutdownTimeout: 60000, moz:useNonSpecCompliantPointerOrigin: false, moz:webdriverClick: true, moz:windowless: false, pageLoadStrategy: normal, platform: WINDOWS, platformName: WINDOWS, proxy: Proxy(), setWindowRect: true, strictFileInteractability: false, timeouts: {implicit: 0, pageLoad: 300000, script: 30000}, unhandledPromptBehavior: dismiss and notify}
Session ID: eecc6697-c128-49d4-a22e-8c4dbcfdc473
*** Element info: {Using=name, value=hr_email}">
      <![CDATA[org.openqa.selenium.NoSuchElementException: Unable to locate element: *[name='hr_email']
For documentation on this error, please visit: https://www.seleniumhq.org/exceptions/no_such_element.html
Build info: version: '3.141.59', revision: 'e82be7d358', time: '2018-11-14T08:17:03'
System info: host: 'DESKTOP-OUI7JLC', ip: '192.168.0.194', os.name: 'Windows 11', os.arch: 'amd64', os.version: '10.0', java.version: '18.0.1.1'
Driver info: org.openqa.selenium.firefox.FirefoxDriver
Capabilities {acceptInsecureCerts: true, browserName: firefox, browserVersion: 108.0.2, javascriptEnabled: true, moz:accessibilityChecks: false, moz:buildID: 20230104165113, moz:geckodriverVersion: 0.32.0, moz:headless: false, moz:platformVersion: 10.0, moz:processID: 27036, moz:profile: C:\Users\Shyam\AppData\Loca..., moz:shutdownTimeout: 60000, moz:useNonSpecCompliantPointerOrigin: false, moz:webdriverClick: true, moz:windowless: false, pageLoadStrategy: normal, platform: WINDOWS, platformName: WINDOWS, proxy: Proxy(), setWindowRect: true, strictFileInteractability: false, timeouts: {implicit: 0, pageLoad: 300000, script: 30000}, unhandledPromptBehavior: dismiss and notify}
Session ID: eecc6697-c128-49d4-a22e-8c4dbcfdc473
*** Element info: {Using=name, value=hr_email}
at org.openqa.selenium.remote.http.W3CHttpResponseCodec.createException(W3CHttpResponseCodec.java:187)
at org.openqa.selenium.remote.http.W3CHttpResponseCodec.decode(W3CHttpResponseCodec.java:122)
at org.openqa.selenium.remote.http.W3CHttpResponseCodec.decode(W3CHttpResponseCodec.java:49)
at org.openqa.selenium.remote.HttpCommandExecutor.execute(HttpCommandExecutor.java:158)
at org.openqa.selenium.remote.service.DriverCommandExecutor.execute(DriverCommandExecutor.java:83)
at org.openqa.selenium.remote.RemoteWebDriver.execute(RemoteWebDriver.java:552)
at org.openqa.selenium.remote.RemoteWebDriver.findElement(RemoteWebDriver.java:323)
at org.openqa.selenium.remote.RemoteWebDriver.findElementByName(RemoteWebDriver.java:404)
at org.openqa.selenium.By$ByName.findElement(By.java:284)
at org.openqa.selenium.remote.RemoteWebDriver.findElement(RemoteWebDriver.java:315)
at org.openqa.selenium.support.pagefactory.DefaultElementLocator.findElement(DefaultElementLocator.java:69)
at org.openqa.selenium.support.pagefactory.internal.LocatingElementHandler.invoke(LocatingElementHandler.java:38)
at jdk.proxy2/jdk.proxy2.$Proxy19.sendKeys(Unknown Source)
at com.hrm.ObjectPage.LoginPage.HRHeadLogin(LoginPage.java:51)
at com.hrm.GenericUtility.HRMHeadBaseClass.loginAsHead(HRMHeadBaseClass.java:63)
at java.base/java.util.ArrayList.forEach(ArrayList.java:1511)
... Removed 32 stack frames]]>
    </failure>
  </testcase> <!-- @BeforeMethod loginAsHead -->
  <testcase classname="com.hrm.GenericUtility.HRMHeadBaseClass" name="@AfterMethod logOutAsHead" time="-1.67358424724E9">
    <skipped/>
  </testcase> <!-- @AfterMethod logOutAsHead -->
  <testcase classname="com.hrm.GenericUtility.HRMHeadBaseClass" name="@BeforeMethod loginAsHead" time="-1.673584247245E9">
    <skipped/>
  </testcase> <!-- @BeforeMethod loginAsHead -->
  <testcase classname="com.hrm.GenericUtility.HRMHeadBaseClass" name="@AfterMethod logOutAsHead" time="-1.673584248116E9">
    <skipped/>
  </testcase> <!-- @AfterMethod logOutAsHead -->
  <testcase classname="com.hrm.GenericUtility.HRMHeadBaseClass" name="@BeforeMethod loginAsHead" time="-1.673584248119E9">
    <skipped/>
  </testcase> <!-- @BeforeMethod loginAsHead -->
  <testcase classname="com.hrm.GenericUtility.HRMHeadBaseClass" name="@AfterMethod logOutAsHead" time="-1.673584248929E9">
    <skipped/>
  </testcase> <!-- @AfterMethod logOutAsHead -->
  <testcase classname="com.hrm.GenericUtility.HRMHeadBaseClass" name="@BeforeMethod loginAsHead" time="-1.673584248931E9">
    <skipped/>
  </testcase> <!-- @BeforeMethod loginAsHead -->
  <testcase classname="com.hrm.GenericUtility.HRMHeadBaseClass" name="@AfterMethod logOutAsHead" time="-1.673584249971E9">
    <skipped/>
  </testcase> <!-- @AfterMethod logOutAsHead -->
  <testcase classname="com.hrm.GenericUtility.HRMHeadBaseClass" name="@AfterClass closeBrowser" time="-1.673584249975E9">
    <skipped/>
  </testcase> <!-- @AfterClass closeBrowser -->
  <testcase classname="HrHead_Module.HrHeadAddCorporateUsingTNG" name="addCorporate" time="0.813">
    <skipped/>
  </testcase> <!-- addCorporate -->
  <testcase classname="HrHead_Module.HrHeadAddCorporateUsingTNG" name="addCorporate" time="0.887">
    <skipped/>
  </testcase> <!-- addCorporate -->
  <testcase classname="HrHead_Module.HrHeadAddCorporateUsingTNG" name="addCorporate" time="0.866">
    <skipped/>
  </testcase> <!-- addCorporate -->
  <testcase classname="HrHead_Module.HrHeadAddCorporateUsingTNG" name="addCorporate" time="0.804">
    <skipped/>
  </testcase> <!-- addCorporate -->
  <testcase classname="HrHead_Module.HrHeadAddCorporateUsingTNG" name="addCorporate" time="1.035">
    <failure type="java.lang.AssertionError" message="null">
      <![CDATA[java.lang.AssertionError: null
at HrHead_Module.HrHeadAddCorporateUsingTNG.addCorporate(HrHeadAddCorporateUsingTNG.java:17)
at java.base/java.util.ArrayList.forEach(ArrayList.java:1511)
... Removed 27 stack frames]]>
    </failure>
  </testcase> <!-- addCorporate -->
</testsuite> <!-- FireFox -->
