<?xml version="1.0" encoding="UTF-8"?>
<!-- Generated by org.testng.reporters.JUnitXMLReporter -->
<testsuite ignored="4" hostname="DESKTOP-OUI7JLC" failures="2" tests="7" name="Test" time="54.855" errors="0" timestamp="2023-01-12T14:58:37 IST">
  <testcase classname="com.hrm.GenericUtility.HRMHeadBaseClass" name="@BeforeMethod loginAsHead" time="10.124">
    <failure type="org.openqa.selenium.NoSuchElementException" message="no such element: Unable to locate element: {&amp;quot;method&amp;quot;:&amp;quot;css selector&amp;quot;,&amp;quot;selector&amp;quot;:&amp;quot;*[name=&amp;apos;hr_email&amp;apos;]&amp;quot;}
  (Session info: chrome=108.0.5359.125)
For documentation on this error, please visit: https://www.seleniumhq.org/exceptions/no_such_element.html
Build info: version: &amp;apos;3.141.59&amp;apos;, revision: &amp;apos;e82be7d358&amp;apos;, time: &amp;apos;2018-11-14T08:17:03&amp;apos;
System info: host: &amp;apos;DESKTOP-OUI7JLC&amp;apos;, ip: &amp;apos;192.168.0.194&amp;apos;, os.name: &amp;apos;Windows 11&amp;apos;, os.arch: &amp;apos;amd64&amp;apos;, os.version: &amp;apos;10.0&amp;apos;, java.version: &amp;apos;18.0.1.1&amp;apos;
Driver info: org.openqa.selenium.chrome.ChromeDriver
Capabilities {acceptInsecureCerts: false, browserName: chrome, browserVersion: 108.0.5359.125, chrome: {chromedriverVersion: 108.0.5359.71 (1e0e3868ee06..., userDataDir: C:\Users\Shyam\AppData\Loca...}, goog:chromeOptions: {debuggerAddress: localhost:57921}, javascriptEnabled: true, networkConnectionEnabled: false, pageLoadStrategy: normal, platform: WINDOWS, platformName: WINDOWS, proxy: Proxy(), setWindowRect: true, strictFileInteractability: false, timeouts: {implicit: 0, pageLoad: 300000, script: 30000}, unhandledPromptBehavior: dismiss and notify, webauthn:extension:credBlob: true, webauthn:extension:largeBlob: true, webauthn:virtualAuthenticators: true}
Session ID: b932e9b915dcf4dab9773cb65db89f15
*** Element info: {Using=name, value=hr_email}">
      <![CDATA[org.openqa.selenium.NoSuchElementException: no such element: Unable to locate element: {"method":"css selector","selector":"*[name='hr_email']"}
  (Session info: chrome=108.0.5359.125)
For documentation on this error, please visit: https://www.seleniumhq.org/exceptions/no_such_element.html
Build info: version: '3.141.59', revision: 'e82be7d358', time: '2018-11-14T08:17:03'
System info: host: 'DESKTOP-OUI7JLC', ip: '192.168.0.194', os.name: 'Windows 11', os.arch: 'amd64', os.version: '10.0', java.version: '18.0.1.1'
Driver info: org.openqa.selenium.chrome.ChromeDriver
Capabilities {acceptInsecureCerts: false, browserName: chrome, browserVersion: 108.0.5359.125, chrome: {chromedriverVersion: 108.0.5359.71 (1e0e3868ee06..., userDataDir: C:\Users\Shyam\AppData\Loca...}, goog:chromeOptions: {debuggerAddress: localhost:57921}, javascriptEnabled: true, networkConnectionEnabled: false, pageLoadStrategy: normal, platform: WINDOWS, platformName: WINDOWS, proxy: Proxy(), setWindowRect: true, strictFileInteractability: false, timeouts: {implicit: 0, pageLoad: 300000, script: 30000}, unhandledPromptBehavior: dismiss and notify, webauthn:extension:credBlob: true, webauthn:extension:largeBlob: true, webauthn:virtualAuthenticators: true}
Session ID: b932e9b915dcf4dab9773cb65db89f15
*** Element info: {Using=name, value=hr_email}
at org.openqa.selenium.remote.http.W3CHttpResponseCodec.createException(W3CHttpResponseCodec.java:187)
at org.openqa.selenium.remote.http.W3CHttpResponseCodec.decode(W3CHttpResponseCodec.java:122)
at org.openqa.selenium.remote.http.W3CHttpResponseCodec.decode(W3CHttpResponseCodec.java:49)
at org.openqa.selenium.remote.HttpCommandExecutor.execute(HttpCommandExecutor.java:158)
at org.openqa.selenium.remote.service.DriverCommandExecutor.execute(DriverCommandExecutor.java:83)
at org.openqa.selenium.remote.RemoteWebDriver.execute(RemoteWebDriver.java:552)
at org.openqa.selenium.remote.RemoteWebDriver.findElement(RemoteWebDriver.java:323)
at org.openqa.selenium.remote.RemoteWebDriver.findElementByName(RemoteWebDriver.java:404)
at org.openqa.selenium.By$ByName.findElement(By.java:284)
at org.openqa.selenium.remote.RemoteWebDriver.findElement(RemoteWebDriver.java:315)
at org.openqa.selenium.support.pagefactory.DefaultElementLocator.findElement(DefaultElementLocator.java:69)
at org.openqa.selenium.support.pagefactory.internal.LocatingElementHandler.invoke(LocatingElementHandler.java:38)
at jdk.proxy2/jdk.proxy2.$Proxy18.sendKeys(Unknown Source)
at com.hrm.ObjectPage.LoginPage.HRHeadLogin(LoginPage.java:51)
at com.hrm.GenericUtility.HRMHeadBaseClass.loginAsHead(HRMHeadBaseClass.java:63)
at java.base/java.util.ArrayList.forEach(ArrayList.java:1511)
... Removed 32 stack frames]]>
    </failure>
  </testcase> <!-- @BeforeMethod loginAsHead -->
  <testcase classname="com.hrm.GenericUtility.HRMHeadBaseClass" name="@AfterMethod logOutAsHead" time="-1.673515713815E9">
    <skipped/>
  </testcase> <!-- @AfterMethod logOutAsHead -->
  <testcase classname="com.hrm.GenericUtility.HRMHeadBaseClass" name="@BeforeMethod loginAsHead" time="-1.673515713818E9">
    <skipped/>
  </testcase> <!-- @BeforeMethod loginAsHead -->
  <testcase classname="com.hrm.GenericUtility.HRMHeadBaseClass" name="@AfterMethod logOutAsHead" time="-1.673515715081E9">
    <skipped/>
  </testcase> <!-- @AfterMethod logOutAsHead -->
  <testcase classname="com.hrm.GenericUtility.HRMHeadBaseClass" name="@BeforeMethod loginAsHead" time="-1.673515715083E9">
    <skipped/>
  </testcase> <!-- @BeforeMethod loginAsHead -->
  <testcase classname="com.hrm.GenericUtility.HRMHeadBaseClass" name="@AfterMethod logOutAsHead" time="-1.67351571614E9">
    <skipped/>
  </testcase> <!-- @AfterMethod logOutAsHead -->
  <testcase classname="com.hrm.GenericUtility.HRMHeadBaseClass" name="@BeforeMethod loginAsHead" time="-1.673515716142E9">
    <skipped/>
  </testcase> <!-- @BeforeMethod loginAsHead -->
  <testcase classname="com.hrm.GenericUtility.HRMHeadBaseClass" name="@AfterMethod logOutAsHead" time="-1.673515717158E9">
    <skipped/>
  </testcase> <!-- @AfterMethod logOutAsHead -->
  <testcase classname="com.hrm.GenericUtility.HRMHeadBaseClass" name="@AfterClass closeBrowser" time="-1.67351571716E9">
    <skipped/>
  </testcase> <!-- @AfterClass closeBrowser -->
  <testcase classname="HrHead_Module.HrHeadAddEmpUsingTestNg" name="createEmployee" time="23.795"/>
  <testcase classname="HrHead_Module.HrHeadAddBranchUsingTNG" name="addBranch" time="1.904">
    <failure type="java.lang.AssertionError" message="null">
      <![CDATA[java.lang.AssertionError: null
at HrHead_Module.HrHeadAddBranchUsingTNG.addBranch(HrHeadAddBranchUsingTNG.java:20)
at java.base/java.util.ArrayList.forEach(ArrayList.java:1511)
... Removed 27 stack frames]]>
    </failure>
  </testcase> <!-- addBranch -->
  <testcase classname="HrHead_Module.HrHeadAddCorporateUsingTNG" name="addCorporate" time="1.479">
    <skipped/>
  </testcase> <!-- addCorporate -->
  <testcase classname="HrHead_Module.HrHeadAddCorporateUsingTNG" name="addCorporate" time="1.014">
    <skipped/>
  </testcase> <!-- addCorporate -->
  <testcase classname="HrHead_Module.HrHeadAddCorporateUsingTNG" name="addCorporate" time="1.259">
    <skipped/>
  </testcase> <!-- addCorporate -->
  <testcase classname="HrHead_Module.HrHeadAddCorporateUsingTNG" name="addCorporate" time="1.054">
    <skipped/>
  </testcase> <!-- addCorporate -->
  <testcase classname="HrHead_Module.HrHeadAddCorporateUsingTNG" name="addCorporate" time="0.779">
    <failure type="java.lang.AssertionError" message="null">
      <![CDATA[java.lang.AssertionError: null
at HrHead_Module.HrHeadAddCorporateUsingTNG.addCorporate(HrHeadAddCorporateUsingTNG.java:17)
at java.base/java.util.ArrayList.forEach(ArrayList.java:1511)
... Removed 27 stack frames]]>
    </failure>
  </testcase> <!-- addCorporate -->
  <testcase classname="com.hrm.GenericUtility.HRMHeadBaseClass" name="@AfterSuite disconnectFromDB" time="0.0">
    <ignored/>
  </testcase> <!-- @AfterSuite disconnectFromDB -->
  <testcase classname="com.hrm.GenericUtility.HRMHeadBaseClass" name="@AfterSuite disconnectFromDB" time="0.0">
    <ignored/>
  </testcase> <!-- @AfterSuite disconnectFromDB -->
  <testcase classname="com.hrm.GenericUtility.HRMHeadBaseClass" name="@BeforeSuite connectToDB" time="0.0">
    <ignored/>
  </testcase> <!-- @BeforeSuite connectToDB -->
  <testcase classname="com.hrm.GenericUtility.HRMHeadBaseClass" name="@BeforeSuite connectToDB" time="0.0">
    <ignored/>
  </testcase> <!-- @BeforeSuite connectToDB -->
</testsuite> <!-- Test -->
