<?xml version="1.0" encoding="UTF-8"?>
<testng-results ignored="0" total="1" passed="0" failed="1" skipped="0">
  <reporter-output>
    <line>
      <![CDATA[createEmployee-----> Testscript execution started]]>
    </line>
    <line>
      <![CDATA[--TestScript Execution failed--]]>
    </line>
  </reporter-output>
  <suite started-at="2023-01-13T10:12:19 IST" name="Default suite" finished-at="2023-01-13T10:14:17 IST" duration-ms="117823">
    <groups>
      <group name="regression">
        <method signature="HrHeadAddEmpUsingTestNg.createEmployee()[pri:0, instance:HrHead_Module.HrHeadAddEmpUsingTestNg@7334aada]" name="createEmployee" class="HrHead_Module.HrHeadAddEmpUsingTestNg"/>
      </group> <!-- regression -->
      <group name="smoke">
        <method signature="HrHeadAddEmpUsingTestNg.createEmployee()[pri:0, instance:HrHead_Module.HrHeadAddEmpUsingTestNg@7334aada]" name="createEmployee" class="HrHead_Module.HrHeadAddEmpUsingTestNg"/>
      </group> <!-- smoke -->
    </groups>
    <test started-at="2023-01-13T10:12:19 IST" name="Default test" finished-at="2023-01-13T10:14:17 IST" duration-ms="117823">
      <class name="HrHead_Module.HrHeadAddEmpUsingTestNg">
        <test-method is-config="true" signature="connectToDB()[pri:0, instance:HrHead_Module.HrHeadAddEmpUsingTestNg@7334aada]" started-at="2023-01-13T10:12:19 IST" name="connectToDB" finished-at="2023-01-13T10:12:19 IST" duration-ms="10" status="PASS">
          <reporter-output>
          </reporter-output>
        </test-method> <!-- connectToDB -->
        <test-method is-config="true" signature="openBrowser()[pri:0, instance:HrHead_Module.HrHeadAddEmpUsingTestNg@7334aada]" started-at="2023-01-13T10:12:20 IST" name="openBrowser" finished-at="2023-01-13T10:12:23 IST" duration-ms="3933" status="PASS">
          <reporter-output>
          </reporter-output>
        </test-method> <!-- openBrowser -->
        <test-method is-config="true" signature="loginAsHead()[pri:0, instance:HrHead_Module.HrHeadAddEmpUsingTestNg@7334aada]" started-at="2023-01-13T10:12:23 IST" name="loginAsHead" finished-at="2023-01-13T10:12:24 IST" duration-ms="624" status="PASS">
          <reporter-output>
          </reporter-output>
        </test-method> <!-- loginAsHead -->
        <test-method signature="createEmployee()[pri:0, instance:HrHead_Module.HrHeadAddEmpUsingTestNg@7334aada]" started-at="2023-01-13T10:12:24 IST" name="createEmployee" finished-at="2023-01-13T10:14:17 IST" duration-ms="112667" status="FAIL">
          <exception class="java.lang.AssertionError">
            <message>
              <![CDATA[null]]>
            </message>
            <full-stacktrace>
              <![CDATA[java.lang.AssertionError: null
at org.testng.Assert.fail(Assert.java:99)
at org.testng.Assert.fail(Assert.java:106)
at HrHead_Module.HrHeadAddEmpUsingTestNg.createEmployee(HrHeadAddEmpUsingTestNg.java:18)
at java.base/jdk.internal.reflect.DirectMethodHandleAccessor.invoke(DirectMethodHandleAccessor.java:104)
at java.base/java.lang.reflect.Method.invoke(Method.java:577)
at org.testng.internal.MethodInvocationHelper.invokeMethod(MethodInvocationHelper.java:133)
at org.testng.internal.TestInvoker.invokeMethod(TestInvoker.java:598)
at org.testng.internal.TestInvoker.invokeTestMethod(TestInvoker.java:173)
at org.testng.internal.MethodRunner.runInSequence(MethodRunner.java:46)
at org.testng.internal.TestInvoker$MethodInvocationAgent.invoke(TestInvoker.java:824)
at org.testng.internal.TestInvoker.invokeTestMethods(TestInvoker.java:146)
at org.testng.internal.TestMethodWorker.invokeTestMethods(TestMethodWorker.java:146)
at org.testng.internal.TestMethodWorker.run(TestMethodWorker.java:128)
at java.base/java.util.ArrayList.forEach(ArrayList.java:1511)
at org.testng.TestRunner.privateRun(TestRunner.java:794)
at org.testng.TestRunner.run(TestRunner.java:596)
at org.testng.SuiteRunner.runTest(SuiteRunner.java:377)
at org.testng.SuiteRunner.runSequentially(SuiteRunner.java:371)
at org.testng.SuiteRunner.privateRun(SuiteRunner.java:332)
at org.testng.SuiteRunner.run(SuiteRunner.java:276)
at org.testng.SuiteRunnerWorker.runSuite(SuiteRunnerWorker.java:53)
at org.testng.SuiteRunnerWorker.run(SuiteRunnerWorker.java:96)
at org.testng.TestNG.runSuitesSequentially(TestNG.java:1212)
at org.testng.TestNG.runSuitesLocally(TestNG.java:1134)
at org.testng.TestNG.runSuites(TestNG.java:1063)
at org.testng.TestNG.run(TestNG.java:1031)
at org.testng.remote.AbstractRemoteTestNG.run(AbstractRemoteTestNG.java:115)
at org.testng.remote.RemoteTestNG.initAndRun(RemoteTestNG.java:251)
at org.testng.remote.RemoteTestNG.main(RemoteTestNG.java:77)
]]>
            </full-stacktrace>
          </exception> <!-- java.lang.AssertionError -->
          <reporter-output>
            <line>
              <![CDATA[createEmployee-----> Testscript execution started]]>
            </line>
            <line>
              <![CDATA[--TestScript Execution failed--]]>
            </line>
          </reporter-output>
        </test-method> <!-- createEmployee -->
        <test-method is-config="true" signature="logOutAsHead()[pri:0, instance:HrHead_Module.HrHeadAddEmpUsingTestNg@7334aada]" started-at="2023-01-13T10:14:17 IST" name="logOutAsHead" finished-at="2023-01-13T10:14:17 IST" duration-ms="1" status="PASS">
          <reporter-output>
          </reporter-output>
        </test-method> <!-- logOutAsHead -->
        <test-method is-config="true" signature="closeBrowser()[pri:0, instance:HrHead_Module.HrHeadAddEmpUsingTestNg@7334aada]" started-at="2023-01-13T10:14:17 IST" name="closeBrowser" finished-at="2023-01-13T10:14:17 IST" duration-ms="0" status="PASS">
          <reporter-output>
          </reporter-output>
        </test-method> <!-- closeBrowser -->
        <test-method is-config="true" signature="disconnectFromDB()[pri:0, instance:HrHead_Module.HrHeadAddEmpUsingTestNg@7334aada]" started-at="2023-01-13T10:14:17 IST" name="disconnectFromDB" finished-at="2023-01-13T10:14:17 IST" duration-ms="1" status="PASS">
          <reporter-output>
          </reporter-output>
        </test-method> <!-- disconnectFromDB -->
      </class> <!-- HrHead_Module.HrHeadAddEmpUsingTestNg -->
    </test> <!-- Default test -->
  </suite> <!-- Default suite -->
</testng-results>
